<?xml version="1.0" encoding="UTF-8" ?>
<testsuite tests="8" failures="0" name="solent.ac.uk.ood.examples.cardcheck.TestRegexCardValidator" time="0" errors="0" skipped="0">
  <properties>
    <property name="java.runtime.name" value="Java(TM) SE Runtime Environment"/>
    <property name="java.vm.version" value="11.0.8+10-LTS"/>
    <property name="sun.boot.library.path" value="C:\Program Files\Java\jdk-11.0.8\bin"/>
    <property name="maven.multiModuleProjectDirectory" value="G:\New folder (6)\AE1\AE1"/>
    <property name="java.vm.vendor" value="Oracle Corporation"/>
    <property name="java.vendor.url" value="https://openjdk.java.net/"/>
    <property name="guice.disable.misplaced.annotation.check" value="true"/>
    <property name="path.separator" value=";"/>
    <property name="java.vm.name" value="Java HotSpot(TM) 64-Bit Server VM"/>
    <property name="sun.os.patch.level" value=""/>
    <property name="user.script" value=""/>
    <property name="user.country" value="GB"/>
    <property name="sun.java.launcher" value="SUN_STANDARD"/>
    <property name="java.vm.specification.name" value="Java Virtual Machine Specification"/>
    <property name="user.dir" value="G:\New folder (6)\AE1\AE1"/>
    <property name="java.vm.compressedOopsMode" value="Zero based"/>
    <property name="java.runtime.version" value="11.0.8+10-LTS"/>
    <property name="java.awt.graphicsenv" value="sun.awt.Win32GraphicsEnvironment"/>
    <property name="os.arch" value="amd64"/>
    <property name="java.io.tmpdir" value="C:\Users\danny\AppData\Local\Temp\"/>
    <property name="line.separator" value="
"/>
    <property name="java.vm.specification.vendor" value="Oracle Corporation"/>
    <property name="user.variant" value=""/>
    <property name="os.name" value="Windows 10"/>
    <property name="maven.ext.class.path" value="C:\Program Files\NetBeans-12.5\netbeans\java\maven-nblib\netbeans-eventspy.jar"/>
    <property name="classworlds.conf" value="C:\Program Files\NetBeans-12.5\netbeans\java\maven\bin\..\bin\m2.conf"/>
    <property name="sun.jnu.encoding" value="Cp1252"/>
    <property name="java.library.path" value="C:\Program Files\Java\jdk-11.0.8\bin;C:\WINDOWS\Sun\Java\bin;C:\WINDOWS\system32;C:\WINDOWS;C:\Program Files (x86)\NVIDIA Corporation\PhysX\Common;C:\devel\maven\apache-maven-3.6.3\bin;C:\Program Files\Git\cmd;C:\Program Files\nodejs\;C:\Program Files\dotnet\;C:\Users\danny\AppData\Local\Programs\Python\Python310\Scripts\;C:\Users\danny\AppData\Local\Programs\Python\Python310\;C:\Users\danny\anaconda3;C:\Users\danny\anaconda3\Library\mingw-w64\bin;C:\Users\danny\anaconda3\Library\usr\bin;C:\Users\danny\anaconda3\Library\bin;C:\Users\danny\anaconda3\Scripts;C:\Users\danny\AppData\Local\Microsoft\WindowsApps;C:\Users\danny\AppData\Local\Programs\Microsoft VS Code\bin;C:\Users\danny\AppData\Local\GitHubDesktop\bin;C:\Users\danny\AppData\Local\atom\bin;C:\Users\danny\AppData\Local\Microsoft\WindowsApps;C:\devel\maven\apache-maven-3.6.3\bin;C:\Program Files\Java\jdk-11.0.8\bin;C:\Program Files\Java\jdk-11.0.8\bin;C:\Users\danny\AppData\Roaming\npm;C:\Program Files\MongoDB\Server\4.4\bin;;C:\Users\danny\spicetify-cli;."/>
    <property name="maven.conf" value="C:\Program Files\NetBeans-12.5\netbeans\java\maven\bin\../conf"/>
    <property name="jdk.debug" value="release"/>
    <property name="java.class.version" value="55.0"/>
    <property name="java.specification.name" value="Java Platform API Specification"/>
    <property name="sun.management.compiler" value="HotSpot 64-Bit Tiered Compilers"/>
    <property name="os.version" value="10.0"/>
    <property name="library.jansi.path" value="C:\Program Files\NetBeans-12.5\netbeans\java\maven\bin\..\lib\jansi-native"/>
    <property name="user.home" value="C:\Users\danny"/>
    <property name="user.timezone" value="Europe/London"/>
    <property name="java.awt.printerjob" value="sun.awt.windows.WPrinterJob"/>
    <property name="file.encoding" value="UTF-8"/>
    <property name="java.specification.version" value="11"/>
    <property name="user.name" value="danny"/>
    <property name="java.class.path" value="C:\Program Files\NetBeans-12.5\netbeans\java\maven\bin\..\boot\plexus-classworlds-2.6.0.jar"/>
    <property name="java.vm.specification.version" value="11"/>
    <property name="sun.arch.data.model" value="64"/>
    <property name="sun.java.command" value="org.codehaus.plexus.classworlds.launcher.Launcher -Dmaven.ext.class.path=C:\Program Files\NetBeans-12.5\netbeans\java\maven-nblib\netbeans-eventspy.jar -Dfile.encoding=UTF-8 clean install"/>
    <property name="java.home" value="C:\Program Files\Java\jdk-11.0.8"/>
    <property name="user.language" value="en"/>
    <property name="java.specification.vendor" value="Oracle Corporation"/>
    <property name="awt.toolkit" value="sun.awt.windows.WToolkit"/>
    <property name="java.vm.info" value="mixed mode"/>
    <property name="java.version" value="11.0.8"/>
    <property name="java.vendor" value="Oracle Corporation"/>
    <property name="maven.home" value="C:\Program Files\NetBeans-12.5\netbeans\java\maven\bin\.."/>
    <property name="file.separator" value="\"/>
    <property name="java.version.date" value="2020-07-14"/>
    <property name="java.vendor.url.bug" value="https://bugreport.java.com/bugreport/"/>
    <property name="sun.io.unicode.encoding" value="UnicodeLittle"/>
    <property name="sun.cpu.endian" value="little"/>
    <property name="java.vendor.version" value="18.9"/>
    <property name="sun.desktop" value="windows"/>
    <property name="sun.cpu.isalist" value="amd64"/>
  </properties>
  <testcase classname="solent.ac.uk.ood.examples.cardcheck.TestRegexCardValidator" name="testCardFailLhun" time="0"/>
  <testcase classname="solent.ac.uk.ood.examples.cardcheck.TestRegexCardValidator" name="testCardWrongString" time="0"/>
  <testcase classname="solent.ac.uk.ood.examples.cardcheck.TestRegexCardValidator" name="testCardDiners" time="0"/>
  <testcase classname="solent.ac.uk.ood.examples.cardcheck.TestRegexCardValidator" name="testCardMastercard" time="0"/>
  <testcase classname="solent.ac.uk.ood.examples.cardcheck.TestRegexCardValidator" name="testCardJcb" time="0"/>
  <testcase classname="solent.ac.uk.ood.examples.cardcheck.TestRegexCardValidator" name="testCardAmex" time="0"/>
  <testcase classname="solent.ac.uk.ood.examples.cardcheck.TestRegexCardValidator" name="testCardVisa" time="0"/>
  <testcase classname="solent.ac.uk.ood.examples.cardcheck.TestRegexCardValidator" name="testCardDiscover" time="0"/>
</testsuite>